> Task :checkKotlinGradlePluginConfigurationErrors
> Task :compileKotlin UP-TO-DATE
> Task :compileJava NO-SOURCE
> Task :processResources UP-TO-DATE
> Task :classes UP-TO-DATE
> Task :resolveMainClassName UP-TO-DATE

> Task :bootRun

  .   ____          _            __ _ _
 /\\ / ___'_ __ _ _(_)_ __  __ _ \ \ \ \
( ( )\___ | '_ | '_| | '_ \/ _` | \ \ \ \
 \\/  ___)| |_)| | | | | || (_| |  ) ) ) )
  '  |____| .__|_| |_|_| |_\__, | / / / /
 =========|_|==============|___/=/_/_/_/
 :: Spring Boot ::                (v3.2.5)

2026-05-10T00:36:59.475+09:00  INFO 26309 --- [vote-service] [           main] com.test.vote.ApplicationKt              : Starting ApplicationKt using Java 17.0.16 with PID 26309 (/Users/bella/Desktop/vote-program/build/classes/kotlin/main started by bella in /Users/bella/Desktop/vote-program)
2026-05-10T00:36:59.477+09:00  INFO 26309 --- [vote-service] [           main] com.test.vote.ApplicationKt              : No active profile set, falling back to 1 default profile: "default"
2026-05-10T00:37:00.454+09:00  INFO 26309 --- [vote-service] [           main] .s.d.r.c.RepositoryConfigurationDelegate : Bootstrapping Spring Data JPA repositories in DEFAULT mode.
2026-05-10T00:37:00.507+09:00  INFO 26309 --- [vote-service] [           main] .s.d.r.c.RepositoryConfigurationDelegate : Finished Spring Data repository scanning in 46 ms. Found 3 JPA repository interfaces.
2026-05-10T00:37:00.961+09:00  INFO 26309 --- [vote-service] [           main] o.s.b.w.embedded.tomcat.TomcatWebServer  : Tomcat initialized with port 8080 (http)
2026-05-10T00:37:00.975+09:00  INFO 26309 --- [vote-service] [           main] o.apache.catalina.core.StandardService   : Starting service [Tomcat]
2026-05-10T00:37:00.975+09:00  INFO 26309 --- [vote-service] [           main] o.apache.catalina.core.StandardEngine    : Starting Servlet engine: [Apache Tomcat/10.1.20]
2026-05-10T00:37:01.032+09:00  INFO 26309 --- [vote-service] [           main] o.a.c.c.C.[Tomcat].[localhost].[/]       : Initializing Spring embedded WebApplicationContext
2026-05-10T00:37:01.033+09:00  INFO 26309 --- [vote-service] [           main] w.s.c.ServletWebServerApplicationContext : Root WebApplicationContext: initialization completed in 1521 ms
2026-05-10T00:37:01.062+09:00  INFO 26309 --- [vote-service] [           main] com.zaxxer.hikari.HikariDataSource       : HikariPool-1 - Starting...
2026-05-10T00:37:01.244+09:00  INFO 26309 --- [vote-service] [           main] com.zaxxer.hikari.pool.HikariPool        : HikariPool-1 - Added connection conn0: url=jdbc:h2:mem:testdb user=SA
2026-05-10T00:37:01.245+09:00  INFO 26309 --- [vote-service] [           main] com.zaxxer.hikari.HikariDataSource       : HikariPool-1 - Start completed.
2026-05-10T00:37:01.255+09:00  INFO 26309 --- [vote-service] [           main] o.s.b.a.h2.H2ConsoleAutoConfiguration    : H2 console available at '/h2-console'. Database available at 'jdbc:h2:mem:testdb'
2026-05-10T00:37:01.382+09:00  INFO 26309 --- [vote-service] [           main] o.hibernate.jpa.internal.util.LogHelper  : HHH000204: Processing PersistenceUnitInfo [name: default]
2026-05-10T00:37:01.441+09:00  INFO 26309 --- [vote-service] [           main] org.hibernate.Version                    : HHH000412: Hibernate ORM core version 6.4.4.Final
2026-05-10T00:37:01.467+09:00  INFO 26309 --- [vote-service] [           main] o.h.c.internal.RegionFactoryInitiator    : HHH000026: Second-level cache disabled
2026-05-10T00:37:01.685+09:00  INFO 26309 --- [vote-service] [           main] o.s.o.j.p.SpringPersistenceUnitInfo      : No LoadTimeWeaver setup: ignoring JPA class transformer
2026-05-10T00:37:02.794+09:00  INFO 26309 --- [vote-service] [           main] o.h.e.t.j.p.i.JtaPlatformInitiator       : HHH000489: No JTA platform available (set 'hibernate.transaction.jta.platform' to enable JTA platform integration)
Hibernate: drop table if exists post cascade 
Hibernate: drop table if exists vote cascade 
Hibernate: drop table if exists vote_result cascade 
Hibernate: create table post (end_date date, created_date timestamp(6), id bigint generated by default as identity, category varchar(255) check (category in ('CULTURE','LIFESTYLE','POLITICS','ETC')), question varchar(255), primary key (id))
Hibernate: create table vote (choice boolean not null, is_active boolean not null, id bigint generated by default as identity, post_id bigint not null, ip_address varchar(255), primary key (id))
Hibernate: create table vote_result (agree_count bigint not null, disagree_count bigint not null, id bigint generated by default as identity, post_id bigint unique, total_count bigint not null, primary key (id))
Hibernate: alter table if exists vote_result add constraint FK8eg7ecmjw7tgjblg3liyfsb8w foreign key (post_id) references post
2026-05-10T00:37:02.871+09:00  INFO 26309 --- [vote-service] [           main] j.LocalContainerEntityManagerFactoryBean : Initialized JPA EntityManagerFactory for persistence unit 'default'
2026-05-10T00:37:04.028+09:00  INFO 26309 --- [vote-service] [           main] o.s.d.j.r.query.QueryEnhancerFactory     : Hibernate is in classpath; If applicable, HQL parser will be used.
2026-05-10T00:37:04.730+09:00  WARN 26309 --- [vote-service] [           main] JpaBaseConfiguration$JpaWebConfiguration : spring.jpa.open-in-view is enabled by default. Therefore, database queries may be performed during view rendering. Explicitly configure spring.jpa.open-in-view to disable this warning
2026-05-10T00:37:05.620+09:00  INFO 26309 --- [vote-service] [           main] o.s.b.w.embedded.tomcat.TomcatWebServer  : Tomcat started on port 8080 (http) with context path ''
2026-05-10T00:37:05.645+09:00  INFO 26309 --- [vote-service] [           main] com.test.vote.ApplicationKt              : Started ApplicationKt in 6.58 seconds (process running for 6.96)
2026-05-10T00:37:06.698+09:00  INFO 26309 --- [vote-service] [nio-8080-exec-2] o.a.c.c.C.[Tomcat].[localhost].[/]       : Initializing Spring DispatcherServlet 'dispatcherServlet'
2026-05-10T00:37:06.698+09:00  INFO 26309 --- [vote-service] [nio-8080-exec-2] o.s.web.servlet.DispatcherServlet        : Initializing Servlet 'dispatcherServlet'
2026-05-10T00:37:06.701+09:00  INFO 26309 --- [vote-service] [nio-8080-exec-2] o.s.web.servlet.DispatcherServlet        : Completed initialization in 2 ms
Hibernate: insert into post (category,created_date,end_date,question,id) values (?,?,?,?,default)
Hibernate: insert into vote_result (agree_count,disagree_count,post_id,total_count,id) values (?,?,?,?,default)
Hibernate: select p1_0.id,p1_0.category,p1_0.created_date,p1_0.end_date,p1_0.question,vr1_0.id,vr1_0.agree_count,vr1_0.disagree_count,vr1_0.total_count from post p1_0 left join vote_result vr1_0 on p1_0.id=vr1_0.post_id order by p1_0.created_date desc offset ? rows fetch first ? rows only
Hibernate: select v1_0.id,v1_0.choice,v1_0.ip_address,v1_0.is_active,v1_0.post_id from vote v1_0 where v1_0.post_id=? and v1_0.ip_address=?
Hibernate: insert into vote (choice,ip_address,is_active,post_id,id) values (?,?,?,?,default)
Hibernate: update vote_result set agree_count=(agree_count+1),total_count=(total_count+1) where post_id=?
Hibernate: select p1_0.id,p1_0.category,p1_0.created_date,p1_0.end_date,p1_0.question,vr1_0.id,vr1_0.agree_count,vr1_0.disagree_count,vr1_0.total_count from post p1_0 left join vote_result vr1_0 on p1_0.id=vr1_0.post_id order by p1_0.created_date desc offset ? rows fetch first ? rows only
Hibernate: select v1_0.id,v1_0.choice,v1_0.ip_address,v1_0.is_active,v1_0.post_id from vote v1_0 where v1_0.post_id=? and v1_0.ip_address=?
Hibernate: update vote_result set agree_count=(agree_count-1),total_count=(total_count-1) where post_id=?
Hibernate: update vote_result set disagree_count=(disagree_count+1),total_count=(total_count+1) where post_id=?
Hibernate: update vote set choice=?,ip_address=?,is_active=?,post_id=? where id=?
Hibernate: select p1_0.id,p1_0.category,p1_0.created_date,p1_0.end_date,p1_0.question,vr1_0.id,vr1_0.agree_count,vr1_0.disagree_count,vr1_0.total_count from post p1_0 left join vote_result vr1_0 on p1_0.id=vr1_0.post_id order by p1_0.created_date desc offset ? rows fetch first ? rows only
Hibernate: select v1_0.id,v1_0.choice,v1_0.ip_address,v1_0.is_active,v1_0.post_id from vote v1_0 where v1_0.post_id=? and v1_0../gradlew testip_address=?
Hibernate: update vote_result set disagree_count=(disagree_count-1),total_count=(total_count-1) where post_id=?
Hibernate: update vote set choice=?,ip_address=?,is_active=?,post_id=? where id=?
Hibernate: select p1_0.id,p1_0.category,p1_0.created_date,p1_0.end_date,p1_0.question,vr1_0.id,vr1_0.agree_count,vr1_0.disagree_count,vr1_0.total_count from post p1_0 left join vote_result vr1_0 on p1_0.id=vr1_0.post_id order by p1_0.created_date desc offset ? rows fetch first ? rows only
Hibernate: select v1_0.id,v1_0.choice,v1_0.ip_address,v1_0.is_active,v1_0.post_id from vote v1_0 where v1_0.post_id=? and v1_0.ip_address=?
Hibernate: update vote_result set agree_count=(agree_count+1),total_count=(total_count+1) where post_id=?
Hibernate: update vote set choice=?,ip_address=?,is_active=?,post_id=? where id=?
Hibernate: select v1_0.id,v1_0.choice,v1_0.ip_address,v1_0.is_active,v1_0.post_id from vote v1_0 where v1_0.post_id=? and v1_0.ip_address=?
