> Task :checkKotlinGradlePluginConfigurationErrors
> Task :compileKotlin UP-TO-DATE
> Task :compileJava NO-SOURCE
> Task :processResources UP-TO-DATE
> Task :classes UP-TO-DATE
> Task :resolveMainClassName UP-TO-DATE

> Task :bootRun

  .   ____          _            __ _ _
 /\\ / ___'_ __ _ _(_)_ __  __ _ \ \ \ \
( ( )\___ | '_ | '_| | '_ \/ _` | \ \ \ \
 \\/  ___)| |_)| | | | | || (_| |  ) ) ) )
  '  |____| .__|_| |_|_| |_\__, | / / / /
 =========|_|==============|___/=/_/_/_/
 :: Spring Boot ::                (v3.2.5)

2026-05-09T23:45:29.465+09:00  INFO 22842 --- [vote-service] [           main] com.test.vote.ApplicationKt              : Starting ApplicationKt using Java 17.0.16 with PID 22842 (/Users/bella/Desktop/vote-program/build/classes/kotlin/main started by bella in /Users/bella/Desktop/vote-program)
2026-05-09T23:45:29.468+09:00  INFO 22842 --- [vote-service] [           main] com.test.vote.ApplicationKt              : No active profile set, falling back to 1 default profile: "default"
2026-05-09T23:45:30.413+09:00  INFO 22842 --- [vote-service] [           main] .s.d.r.c.RepositoryConfigurationDelegate : Bootstrapping Spring Data JPA repositories in DEFAULT mode.
2026-05-09T23:45:30.463+09:00  INFO 22842 --- [vote-service] [           main] .s.d.r.c.RepositoryConfigurationDelegate : Finished Spring Data repository scanning in 43 ms. Found 3 JPA repository interfaces.
2026-05-09T23:45:30.912+09:00  INFO 22842 --- [vote-service] [           main] o.s.b.w.embedded.tomcat.TomcatWebServer  : Tomcat initialized with port 8080 (http)
2026-05-09T23:45:30.924+09:00  INFO 22842 --- [vote-service] [           main] o.apache.catalina.core.StandardService   : Starting service [Tomcat]
2026-05-09T23:45:30.924+09:00  INFO 22842 --- [vote-service] [           main] o.apache.catalina.core.StandardEngine    : Starting Servlet engine: [Apache Tomcat/10.1.20]
2026-05-09T23:45:30.982+09:00  INFO 22842 --- [vote-service] [           main] o.a.c.c.C.[Tomcat].[localhost].[/]       : Initializing Spring embedded WebApplicationContext
2026-05-09T23:45:30.983+09:00  INFO 22842 --- [vote-service] [           main] w.s.c.ServletWebServerApplicationContext : Root WebApplicationContext: initialization completed in 1480 ms
2026-05-09T23:45:31.012+09:00  INFO 22842 --- [vote-service] [           main] com.zaxxer.hikari.HikariDataSource       : HikariPool-1 - Starting...
2026-05-09T23:45:31.204+09:00  INFO 22842 --- [vote-service] [           main] com.zaxxer.hikari.pool.HikariPool        : HikariPool-1 - Added connection conn0: url=jdbc:h2:mem:testdb user=SA
2026-05-09T23:45:31.205+09:00  INFO 22842 --- [vote-service] [           main] com.zaxxer.hikari.HikariDataSource       : HikariPool-1 - Start completed.
2026-05-09T23:45:31.215+09:00  INFO 22842 --- [vote-service] [           main] o.s.b.a.h2.H2ConsoleAutoConfiguration    : H2 console available at '/h2-console'. Database available at 'jdbc:h2:mem:testdb'
2026-05-09T23:45:31.335+09:00  INFO 22842 --- [vote-service] [           main] o.hibernate.jpa.internal.util.LogHelper  : HHH000204: Processing PersistenceUnitInfo [name: default]
2026-05-09T23:45:31.397+09:00  INFO 22842 --- [vote-service] [           main] org.hibernate.Version                    : HHH000412: Hibernate ORM core version 6.4.4.Final
2026-05-09T23:45:31.427+09:00  INFO 22842 --- [vote-service] [           main] o.h.c.internal.RegionFactoryInitiator    : HHH000026: Second-level cache disabled
2026-05-09T23:45:31.650+09:00  INFO 22842 --- [vote-service] [           main] o.s.o.j.p.SpringPersistenceUnitInfo      : No LoadTimeWeaver setup: ignoring JPA class transformer
2026-05-09T23:45:32.429+09:00  INFO 22842 --- [vote-service] [           main] o.h.e.t.j.p.i.JtaPlatformInitiator       : HHH000489: No JTA platform available (set 'hibernate.transaction.jta.platform' to enable JTA platform integration)
Hibernate: drop table if exists post cascade 
Hibernate: drop table if exists vote cascade 
Hibernate: drop table if exists vote_result cascade 
Hibernate: create table post (end_date date, created_date timestamp(6), id bigint generated by default as identity, question varchar(255), primary key (id))
Hibernate: create table vote (choice boolean not null, is_active boolean not null, id bigint generated by default as identity, post_id bigint not null, ip_address varchar(255), primary key (id))
Hibernate: create table vote_result (agree_count bigint not null, disagree_count bigint not null, id bigint generated by default as identity, post_id bigint unique, primary key (id))
Hibernate: alter table if exists vote_result add constraint FK8eg7ecmjw7tgjblg3liyfsb8w foreign key (post_id) references post
2026-05-09T23:45:32.474+09:00  INFO 22842 --- [vote-service] [           main] j.LocalContainerEntityManagerFactoryBean : Initialized JPA EntityManagerFactory for persistence unit 'default'
2026-05-09T23:45:32.952+09:00  INFO 22842 --- [vote-service] [           main] o.s.d.j.r.query.QueryEnhancerFactory     : Hibernate is in classpath; If applicable, HQL parser will be used.
2026-05-09T23:45:33.315+09:00  WARN 22842 --- [vote-service] [           main] JpaBaseConfiguration$JpaWebConfiguration : spring.jpa.open-in-view is enabled by default. Therefore, database queries may be performed during view rendering. Explicitly configure spring.jpa.open-in-view to disable this warning
2026-05-09T23:45:33.682+09:00  INFO 22842 --- [vote-service] [           main] o.s.b.w.embedded.tomcat.TomcatWebServer  : Tomcat started on port 8080 (http) with context path ''
2026-05-09T23:45:33.692+09:00  INFO 22842 --- [vote-service] [           main] com.test.vote.ApplicationKt              : Started ApplicationKt in 4.597 seconds (process running for 4.939)
2026-05-09T23:45:34.367+09:00  INFO 22842 --- [vote-service] [nio-8080-exec-2] o.a.c.c.C.[Tomcat].[localhost].[/]       : Initializing Spring DispatcherServlet 'dispatcherServlet'
2026-05-09T23:45:34.367+09:00  INFO 22842 --- [vote-service] [nio-8080-exec-2] o.s.web.servlet.DispatcherServlet        : Initializing Servlet 'dispatcherServlet'
2026-05-09T23:45:34.368+09:00  INFO 22842 --- [vote-service] [nio-8080-exec-2] o.s.web.servlet.DispatcherServlet        : Completed initialization in 1 ms
Hibernate: insert into post (created_date,end_date,question,id) values (?,?,?,default)
Hibernate: insert into vote_result (agree_count,disagree_count,post_id,id) values (?,?,?,default)
Hibernate: select p1_0.id,p1_0.created_date,p1_0.end_date,p1_0.question,vr1_0.id,vr1_0.agree_count,vr1_0.disagree_count from post p1_0 left join vote_result vr1_0 on p1_0.id=vr1_0.post_id order by p1_0.created_date desc offset ? rows fetch first ? rows only
Hibernate: select v1_0.id,v1_0.choice,v1_0.ip_address,v1_0.is_active,v1_0.post_id from vote v1_0 where v1_0.post_id=? and v1_0.ip_address=?
Hibernate: select v1_0.id,v1_0.choice,v1_0.ip_address,v1_0.is_active,v1_0.post_id from vote v1_0 where v1_0.post_id=? and v1_0.ip_address=?
Hibernate: select v1_0.id,v1_0.choice,v1_0.ip_address,v1_0.is_active,v1_0.post_id from vote v1_0 where v1_0.post_id=? and v1_0.ip_address=?
Hibernate: select v1_0.id,v1_0.choice,v1_0.ip_address,v1_0.is_active,v1_0.post_id from vote v1_0 where v1_0.post_id=? and v1_0.ip_address=?
Hibernate: select v1_0.id,v1_0.choice,v1_0.ip_address,v1_0.is_active,v1_0.post_id from vote v1_0 where v1_0.post_id=? and v1_0.ip_address=?
Hibernate: select v1_0.id,v1_0.choice,v1_0.ip_address,v1_0.is_active,v1_0.post_id from vote v1_0 where v1_0.post_id=? and v1_0.ip_address=?
Hibernate: select v1_0.id,v1_0.choice,v1_0.ip_address,v1_0.is_active,v1_0.post_id from vote v1_0 where v1_0.post_id=? and v1_0.ip_address=?
Hibernate: select v1_0.id,v1_0.choice,v1_0.ip_address,v1_0.is_active,v1_0.post_id from vote v1_0 where v1_0.post_id=? and v1_0.ip_address=?
Hibernate: insert into vote (choice,ip_address,is_active,post_id,id) values (?,?,?,?,default)
Hibernate: insert into vote (choice,ip_address,is_active,post_id,id) values (?,?,?,?,default)
Hibernate: insert into vote (choice,ip_address,is_active,post_id,id) values (?,?,?,?,default)
Hibernate: select v1_0.id,v1_0.choice,v1_0.ip_address,v1_0.is_active,v1_0.post_id from vote v1_0 where v1_0.post_id=? and v1_0.ip_address=?
Hibernate: insert into vote (choice,ip_address,is_active,post_id,id) values (?,?,?,?,default)
Hibernate: insert into vote (choice,ip_address,is_active,post_id,id) values (?,?,?,?,default)
Hibernate: insert into vote (choice,ip_address,is_active,post_id,id) values (?,?,?,?,default)
Hibernate: select v1_0.id,v1_0.choice,v1_0.ip_address,v1_0.is_active,v1_0.post_id from vote v1_0 where v1_0.post_id=? and v1_0.ip_address=?
Hibernate: insert into vote (choice,ip_address,is_active,post_id,id) values (?,?,?,?,default)
Hibernate: insert into vote (choice,ip_address,is_active,post_id,id) values (?,?,?,?,default)
Hibernate: insert into vote (choice,ip_address,is_active,post_id,id) values (?,?,?,?,default)
Hibernate: insert into vote (choice,ip_address,is_active,post_id,id) values (?,?,?,?,default)
Hibernate: update vote_result set agree_count=(agree_count+1) where post_id=?
Hibernate: update vote_result set agree_count=(agree_count+1) where post_id=?
Hibernate: update vote_result set agree_count=(agree_count+1) where post_id=?
Hibernate: update vote_result set agree_count=(agree_count+1) where post_id=?
Hibernate: update vote_result set agree_count=(agree_count+1) where post_id=?
Hibernate: update vote_result set agree_count=(agree_count+1) where post_id=?
Hibernate: update vote_result set agree_count=(agree_count+1) where post_id=?
Hibernate: update vote_result set agree_count=(agree_count+1) where post_id=?
Hibernate: update vote_result set agree_count=(agree_count+1) where post_id=?
Hibernate: update vote_result set agree_count=(agree_count+1) where post_id=?
Hibernate: select v1_0.id,v1_0.choice,v1_0.ip_address,v1_0.is_active,v1_0.post_id from vote v1_0 where v1_0.post_id=? and v1_0.ip_address=?
Hibernate: select v1_0.id,v1_0.choice,v1_0.ip_address,v1_0.is_active,v1_0.post_id from vote v1_0 where v1_0.post_id=? and v1_0.ip_address=?
Hibernate: select v1_0.id,v1_0.choice,v1_0.ip_address,v1_0.is_active,v1_0.post_id from vote v1_0 where v1_0.post_id=? and v1_0.ip_address=?
Hibernate: insert into vote (choice,ip_address,is_active,post_id,id) values (?,?,?,?,default)
Hibernate: insert into vote (choice,ip_address,is_active,post_id,id) values (?,?,?,?,default)
Hibernate: insert into vote (choice,ip_address,is_active,post_id,id) values (?,?,?,?,default)
Hibernate: select v1_0.id,v1_0.choice,v1_0.ip_address,v1_0.is_active,v1_0.post_id from vote v1_0 where v1_0.post_id=? and v1_0.ip_address=?
Hibernate: select v1_0.id,v1_0.choice,v1_0.ip_address,v1_0.is_active,v1_0.post_id from vote v1_0 where v1_0.post_id=? and v1_0.ip_address=?
Hibernate: update vote_result set agree_count=(agree_count+1) where post_id=?
Hibernate: update vote_result set agree_count=(agree_count+1) where post_id=?
Hibernate: update vote_result set agree_count=(agree_count+1) where post_id=?
Hibernate: insert into vote (choice,ip_address,is_active,post_id,id) values (?,?,?,?,default)
Hibernate: insert into vote (choice,ip_address,is_active,post_id,id) values (?,?,?,?,default)
Hibernate: select v1_0.id,v1_0.choice,v1_0.ip_address,v1_0.is_active,v1_0.post_id from vote v1_0 where v1_0.post_id=? and v1_0.ip_address=?
Hibernate: select v1_0.id,v1_0.choice,v1_0.ip_address,v1_0.is_active,v1_0.post_id from vote v1_0 where v1_0.post_id=? and v1_0.ip_address=?
Hibernate: insert into vote (choice,ip_address,is_active,post_id,id) values (?,?,?,?,default)
Hibernate: update vote_result set agree_count=(agree_count+1) where post_id=?
Hibernate: update vote_result set agree_count=(agree_count+1) where post_id=?
Hibernate: insert into vote (choice,ip_address,is_active,post_id,id) values (?,?,?,?,default)
Hibernate: select v1_0.id,v1_0.choice,v1_0.ip_address,v1_0.is_active,v1_0.post_id from vote v1_0 where v1_0.post_id=? and v1_0.ip_address=?
Hibernate: select v1_0.id,v1_0.choice,v1_0.ip_address,v1_0.is_active,v1_0.post_id from vote v1_0 where v1_0.post_id=? and v1_0.ip_address=?
Hibernate: insert into vote (choice,ip_address,is_active,post_id,id) values (?,?,?,?,default)
Hibernate: insert into vote (choice,ip_address,is_active,post_id,id) values (?,?,?,?,default)
Hibernate: update vote_result set agree_count=(agree_count+1) where post_id=?
Hibernate: select v1_0.id,v1_0.choice,v1_0.ip_address,v1_0.is_active,v1_0.post_id from vote v1_0 where v1_0.post_id=? and v1_0.ip_address=?
Hibernate: update vote_result set agree_count=(agree_count+1) where post_id=?
Hibernate: insert into vote (choice,ip_address,is_active,post_id,id) values (?,?,?,?,default)
Hibernate: select v1_0.id,v1_0.choice,v1_0.ip_address,v1_0.is_active,v1_0.post_id from vote v1_0 where v1_0.post_id=? and v1_0.ip_address=?
Hibernate: update vote_result set agree_count=(agree_count+1) where post_id=?
Hibernate: update vote_result set agree_count=(agree_count+1) where post_id=?
Hibernate: select v1_0.id,v1_0.choice,v1_0.ip_address,v1_0.is_active,v1_0.post_id from vote v1_0 where v1_0.post_id=? and v1_0.ip_address=?
Hibernate: insert into vote (choice,ip_address,is_active,post_id,id) values (?,?,?,?,default)
Hibernate: update vote_result set agree_count=(agree_count+1) where post_id=?
Hibernate: select v1_0.id,v1_0.choice,v1_0.ip_address,v1_0.is_active,v1_0.post_id from vote v1_0 where v1_0.post_id=? and v1_0.ip_address=?
Hibernate: insert into vote (choice,ip_address,is_active,post_id,id) values (?,?,?,?,default)
Hibernate: select v1_0.id,v1_0.choice,v1_0.ip_address,v1_0.is_active,v1_0.post_id from vote v1_0 where v1_0.post_id=? and v1_0.ip_address=?
Hibernate: insert into vote (choice,ip_address,is_active,post_id,id) values (?,?,?,?,default)
Hibernate: update vote_result set agree_count=(agree_count+1) where post_id=?
Hibernate: insert into vote (choice,ip_address,is_active,post_id,id) values (?,?,?,?,default)
Hibernate: select v1_0.id,v1_0.choice,v1_0.ip_address,v1_0.is_active,v1_0.post_id from vote v1_0 where v1_0.post_id=? and v1_0.ip_address=?
Hibernate: update vote_result set agree_count=(agree_count+1) where post_id=?
Hibernate: select v1_0.id,v1_0.choice,v1_0.ip_address,v1_0.is_active,v1_0.post_id from vote v1_0 where v1_0.post_id=? and v1_0.ip_address=?
Hibernate: insert into vote (choice,ip_address,is_active,post_id,id) values (?,?,?,?,default)
Hibernate: update vote_result set agree_count=(agree_count+1) where post_id=?
Hibernate: select v1_0.id,v1_0.choice,v1_0.ip_address,v1_0.is_active,v1_0.post_id from vote v1_0 where v1_0.post_id=? and v1_0.ip_address=?
Hibernate: update vote_result set agree_count=(agree_count+1) where post_id=?
Hibernate: insert into vote (choice,ip_address,is_active,post_id,id) values (?,?,?,?,default)
Hibernate: select v1_0.id,v1_0.choice,v1_0.ip_address,v1_0.is_active,v1_0.post_id from vote v1_0 where v1_0.post_id=? and v1_0.ip_address=?
Hibernate: update vote_result set agree_count=(agree_count+1) where post_id=?
Hibernate: insert into vote (choice,ip_address,is_active,post_id,id) values (?,?,?,?,default)
Hibernate: insert into vote (choice,ip_address,is_active,post_id,id) values (?,?,?,?,default)
Hibernate: select v1_0.id,v1_0.choice,v1_0.ip_address,v1_0.is_active,v1_0.post_id from vote v1_0 where v1_0.post_id=? and v1_0.ip_address=?
Hibernate: update vote_result set agree_count=(agree_count+1) where post_id=?
Hibernate: select v1_0.id,v1_0.choice,v1_0.ip_address,v1_0.is_active,v1_0.post_id from vote v1_0 where v1_0.post_id=? and v1_0.ip_address=?
Hibernate: update vote_result set agree_count=(agree_count+1) where post_id=?
Hibernate: insert into vote (choice,ip_address,is_active,post_id,id) values (?,?,?,?,default)
Hibernate: select v1_0.id,v1_0.choice,v1_0.ip_address,v1_0.is_active,v1_0.post_id from vote v1_0 where v1_0.post_id=? and v1_0.ip_address=?
Hibernate: update vote_result set agree_count=(agree_count+1) where post_id=?
Hibernate: insert into vote (choice,ip_address,is_active,post_id,id) values (?,?,?,?,default)
Hibernate: insert into vote (choice,ip_address,is_active,post_id,id) values (?,?,?,?,default)
Hibernate: select v1_0.id,v1_0.choice,v1_0.ip_address,v1_0.is_active,v1_0.post_id from vote v1_0 where v1_0.post_id=? and v1_0.ip_address=?
Hibernate: select v1_0.id,v1_0.choice,v1_0.ip_address,v1_0.is_active,v1_0.post_id from vote v1_0 where v1_0.post_id=? and v1_0.ip_address=?
Hibernate: update vote_result set agree_count=(agree_count+1) where post_id=?
Hibernate: update vote_result set agree_count=(agree_count+1) where post_id=?
Hibernate: select v1_0.id,v1_0.choice,v1_0.ip_address,v1_0.is_active,v1_0.post_id from vote v1_0 where v1_0.post_id=? and v1_0.ip_address=?
Hibernate: insert into vote (choice,ip_address,is_active,post_id,id) values (?,?,?,?,default)
Hibernate: insert into vote (choice,ip_address,is_active,post_id,id) values (?,?,?,?,default)
Hibernate: update vote_result set agree_count=(agree_count+1) where post_id=?
Hibernate: select v1_0.id,v1_0.choice,v1_0.ip_address,v1_0.is_active,v1_0.post_id from vote v1_0 where v1_0.post_id=? and v1_0.ip_address=?
Hibernate: insert into vote (choice,ip_address,is_active,post_id,id) values (?,?,?,?,default)
Hibernate: select v1_0.id,v1_0.choice,v1_0.ip_address,v1_0.is_active,v1_0.post_id from vote v1_0 where v1_0.post_id=? and v1_0.ip_address=?
Hibernate: insert into vote (choice,ip_address,is_active,post_id,id) values (?,?,?,?,default)
Hibernate: update vote_result set agree_count=(agree_count+1) where post_id=?
Hibernate: update vote_result set agree_count=(agree_count+1) where post_id=?
Hibernate: select v1_0.id,v1_0.choice,v1_0.ip_address,v1_0.is_active,v1_0.post_id from vote v1_0 where v1_0.post_id=? and v1_0.ip_address=?
Hibernate: insert into vote (choice,ip_address,is_active,post_id,id) values (?,?,?,?,default)
Hibernate: update vote_result set agree_count=(agree_count+1) where post_id=?
Hibernate: select v1_0.id,v1_0.choice,v1_0.ip_address,v1_0.is_active,v1_0.post_id from vote v1_0 where v1_0.post_id=? and v1_0.ip_address=?
Hibernate: update vote_result set agree_count=(agree_count+1) where post_id=?
Hibernate: insert into vote (choice,ip_address,is_active,post_id,id) values (?,?,?,?,default)
Hibernate: insert into vote (choice,ip_address,is_active,post_id,id) values (?,?,?,?,default)
Hibernate: select v1_0.id,v1_0.choice,v1_0.ip_address,v1_0.is_active,v1_0.post_id from vote v1_0 where v1_0.post_id=? and v1_0.ip_address=?
Hibernate: update vote_result set agree_count=(agree_count+1) where post_id=?
Hibernate: insert into vote (choice,ip_address,is_active,post_id,id) values (?,?,?,?,default)
Hibernate: update vote_result set agree_count=(agree_count+1) where post_id=?
Hibernate: update vote_result set agree_count=(agree_count+1) where post_id=?
Hibernate: select v1_0.id,v1_0.choice,v1_0.ip_address,v1_0.is_active,v1_0.post_id from vote v1_0 where v1_0.post_id=? and v1_0.ip_address=?
Hibernate: select v1_0.id,v1_0.choice,v1_0.ip_address,v1_0.is_active,v1_0.post_id from vote v1_0 where v1_0.post_id=? and v1_0.ip_address=?
Hibernate: select v1_0.id,v1_0.choice,v1_0.ip_address,v1_0.is_active,v1_0.post_id from vote v1_0 where v1_0.post_id=? and v1_0.ip_address=?
Hibernate: insert into vote (choice,ip_address,is_active,post_id,id) values (?,?,?,?,default)
Hibernate: update vote_result set agree_count=(agree_count+1) where post_id=?
Hibernate: insert into vote (choice,ip_address,is_active,post_id,id) values (?,?,?,?,default)
Hibernate: insert into vote (choice,ip_address,is_active,post_id,id) values (?,?,?,?,default)
Hibernate: select v1_0.id,v1_0.choice,v1_0.ip_address,v1_0.is_active,v1_0.post_id from vote v1_0 where v1_0.post_id=? and v1_0.ip_address=?
Hibernate: select v1_0.id,v1_0.choice,v1_0.ip_address,v1_0.is_active,v1_0.post_id from vote v1_0 where v1_0.post_id=? and v1_0.ip_address=?
Hibernate: update vote_result set agree_count=(agree_count+1) where post_id=?
Hibernate: update vote_result set agree_count=(agree_count+1) where post_id=?
Hibernate: update vote_result set agree_count=(agree_count+1) where post_id=?
Hibernate: select v1_0.id,v1_0.choice,v1_0.ip_address,v1_0.is_active,v1_0.post_id from vote v1_0 where v1_0.post_id=? and v1_0.ip_address=?
Hibernate: insert into vote (choice,ip_address,is_active,post_id,id) values (?,?,?,?,default)
Hibernate: insert into vote (choice,ip_address,is_active,post_id,id) values (?,?,?,?,default)
Hibernate: select v1_0.id,v1_0.choice,v1_0.ip_address,v1_0.is_active,v1_0.post_id from vote v1_0 where v1_0.post_id=? and v1_0.ip_address=?
Hibernate: insert into vote (choice,ip_address,is_active,post_id,id) values (?,?,?,?,default)
Hibernate: update vote_result set agree_count=(agree_count+1) where post_id=?
Hibernate: update vote_result set agree_count=(agree_count+1) where post_id=?
Hibernate: select v1_0.id,v1_0.choice,v1_0.ip_address,v1_0.is_active,v1_0.post_id from vote v1_0 where v1_0.post_id=? and v1_0.ip_address=?
Hibernate: insert into vote (choice,ip_address,is_active,post_id,id) values (?,?,?,?,default)
Hibernate: update vote_result set agree_count=(agree_count+1) where post_id=?
Hibernate: select v1_0.id,v1_0.choice,v1_0.ip_address,v1_0.is_active,v1_0.post_id from vote v1_0 where v1_0.post_id=? and v1_0.ip_address=?
Hibernate: select v1_0.id,v1_0.choice,v1_0.ip_address,v1_0.is_active,v1_0.post_id from vote v1_0 where v1_0.post_id=? and v1_0.ip_address=?
Hibernate: insert into vote (choice,ip_address,is_active,post_id,id) values (?,?,?,?,default)
Hibernate: select v1_0.id,v1_0.choice,v1_0.ip_address,v1_0.is_active,v1_0.post_id from vote v1_0 where v1_0.post_id=? and v1_0.ip_address=?
Hibernate: update vote_result set agree_count=(agree_count+1) where post_id=?
Hibernate: insert into vote (choice,ip_address,is_active,post_id,id) values (?,?,?,?,default)
Hibernate: insert into vote (choice,ip_address,is_active,post_id,id) values (?,?,?,?,default)
Hibernate: insert into vote (choice,ip_address,is_active,post_id,id) values (?,?,?,?,default)
Hibernate: update vote_result set agree_count=(agree_count+1) where post_id=?
Hibernate: update vote_result set agree_count=(agree_count+1) where post_id=?
Hibernate: update vote_result set agree_count=(agree_count+1) where post_id=?
Hibernate: update vote_result set agree_count=(agree_count+1) where post_id=?
Hibernate: select p1_0.id,p1_0.created_date,p1_0.end_date,p1_0.question,vr1_0.id,vr1_0.agree_count,vr1_0.disagree_count from post p1_0 left join vote_result vr1_0 on p1_0.id=vr1_0.post_id order by p1_0.created_date desc offset ? rows fetch first ? rows only
